2024-09-05T09:34:58.062+07:00 ERROR 25400 --- [restartedMain] o.a.catalina.session.StandardManager     : Exception loading sessions from persistent storage

java.io.StreamCorruptedException: invalid type code: 00
	at java.base/java.io.ObjectInputStream.readObject0(ObjectInputStream.java:1775) ~[na:na]
	at java.base/java.io.ObjectInputStream$FieldValues.<init>(ObjectInputStream.java:2617) ~[na:na]
	at java.base/java.io.ObjectInputStream.defaultReadObject(ObjectInputStream.java:652) ~[na:na]
	at java.base/java.lang.Throwable.readObject(Throwable.java:912) ~[na:na]
	at java.base/jdk.internal.reflect.NativeMethodAccessorImpl.invoke0(Native Method) ~[na:na]
	at java.base/jdk.internal.reflect.NativeMethodAccessorImpl.invoke(NativeMethodAccessorImpl.java:77) ~[na:na]
	at java.base/jdk.internal.reflect.DelegatingMethodAccessorImpl.invoke(DelegatingMethodAccessorImpl.java:43) ~[na:na]
	at java.base/java.lang.reflect.Method.invoke(Method.java:568) ~[na:na]
	at java.base/java.io.ObjectStreamClass.invokeReadObject(ObjectStreamClass.java:1231) ~[na:na]
	at java.base/java.io.ObjectInputStream.readSerialData(ObjectInputStream.java:2434) ~[na:na]
	at java.base/java.io.ObjectInputStream.readOrdinaryObject(ObjectInputStream.java:2268) ~[na:na]
	at java.base/java.io.ObjectInputStream.readObject0(ObjectInputStream.java:1744) ~[na:na]
	at java.base/java.io.ObjectInputStream.readObject(ObjectInputStream.java:514) ~[na:na]
	at java.base/java.io.ObjectInputStream.readObject(ObjectInputStream.java:472) ~[na:na]
	at org.apache.catalina.session.StandardSession.doReadObject(StandardSession.java:1434) ~[tomcat-embed-core-10.1.5.jar:10.1.5]
	at org.apache.catalina.session.StandardSession.readObjectData(StandardSession.java:1033) ~[tomcat-embed-core-10.1.5.jar:10.1.5]
	at org.apache.catalina.session.StandardManager.doLoad(StandardManager.java:219) ~[tomcat-embed-core-10.1.5.jar:10.1.5]
	at org.apache.catalina.session.StandardManager.load(StandardManager.java:162) ~[tomcat-embed-core-10.1.5.jar:10.1.5]
	at org.apache.catalina.session.StandardManager.startInternal(StandardManager.java:356) ~[tomcat-embed-core-10.1.5.jar:10.1.5]
	at org.apache.catalina.util.LifecycleBase.start(LifecycleBase.java:183) ~[tomcat-embed-core-10.1.5.jar:10.1.5]
	at org.apache.catalina.core.StandardContext.startInternal(StandardContext.java:5172) ~[tomcat-embed-core-10.1.5.jar:10.1.5]
	at org.apache.catalina.util.LifecycleBase.start(LifecycleBase.java:183) ~[tomcat-embed-core-10.1.5.jar:10.1.5]
	at org.apache.catalina.core.ContainerBase$StartChild.call(ContainerBase.java:1393) ~[tomcat-embed-core-10.1.5.jar:10.1.5]
	at org.apache.catalina.core.ContainerBase$StartChild.call(ContainerBase.java:1383) ~[tomcat-embed-core-10.1.5.jar:10.1.5]
	at java.base/java.util.concurrent.FutureTask.run(FutureTask.java:264) ~[na:na]
	at org.apache.tomcat.util.threads.InlineExecutorService.execute(InlineExecutorService.java:75) ~[tomcat-embed-core-10.1.5.jar:10.1.5]
	at java.base/java.util.concurrent.AbstractExecutorService.submit(AbstractExecutorService.java:145) ~[na:na]
	at org.apache.catalina.core.ContainerBase.startInternal(ContainerBase.java:916) ~[tomcat-embed-core-10.1.5.jar:10.1.5]
	at org.apache.catalina.core.StandardHost.startInternal(StandardHost.java:886) ~[tomcat-embed-core-10.1.5.jar:10.1.5]
	at org.apache.catalina.util.LifecycleBase.start(LifecycleBase.java:183) ~[tomcat-embed-core-10.1.5.jar:10.1.5]
	at org.apache.catalina.core.ContainerBase$StartChild.call(ContainerBase.java:1393) ~[tomcat-embed-core-10.1.5.jar:10.1.5]
	at org.apache.catalina.core.ContainerBase$StartChild.call(ContainerBase.java:1383) ~[tomcat-embed-core-10.1.5.jar:10.1.5]
	at java.base/java.util.concurrent.FutureTask.run(FutureTask.java:264) ~[na:na]
	at org.apache.tomcat.util.threads.InlineExecutorService.execute(InlineExecutorService.java:75) ~[tomcat-embed-core-10.1.5.jar:10.1.5]
	at java.base/java.util.concurrent.AbstractExecutorService.submit(AbstractExecutorService.java:145) ~[na:na]
	at org.apache.catalina.core.ContainerBase.startInternal(ContainerBase.java:916) ~[tomcat-embed-core-10.1.5.jar:10.1.5]
	at org.apache.catalina.core.StandardEngine.startInternal(StandardEngine.java:252) ~[tomcat-embed-core-10.1.5.jar:10.1.5]
	at org.apache.catalina.util.LifecycleBase.start(LifecycleBase.java:183) ~[tomcat-embed-core-10.1.5.jar:10.1.5]
	at org.apache.catalina.core.StandardService.startInternal(StandardService.java:430) ~[tomcat-embed-core-10.1.5.jar:10.1.5]
	at org.apache.catalina.util.LifecycleBase.start(LifecycleBase.java:183) ~[tomcat-embed-core-10.1.5.jar:10.1.5]
	at org.apache.catalina.core.StandardServer.startInternal(StandardServer.java:926) ~[tomcat-embed-core-10.1.5.jar:10.1.5]
	at org.apache.catalina.util.LifecycleBase.start(LifecycleBase.java:183) ~[tomcat-embed-core-10.1.5.jar:10.1.5]
	at org.apache.catalina.startup.Tomcat.start(Tomcat.java:485) ~[tomcat-embed-core-10.1.5.jar:10.1.5]
	at org.springframework.boot.web.embedded.tomcat.TomcatWebServer.initialize(TomcatWebServer.java:123) ~[spring-boot-3.0.4.jar:3.0.4]
	at org.springframework.boot.web.embedded.tomcat.TomcatWebServer.<init>(TomcatWebServer.java:104) ~[spring-boot-3.0.4.jar:3.0.4]
	at org.springframework.boot.web.embedded.tomcat.TomcatServletWebServerFactory.getTomcatWebServer(TomcatServletWebServerFactory.java:488) ~[spring-boot-3.0.4.jar:3.0.4]
	at org.springframework.boot.web.embedded.tomcat.TomcatServletWebServerFactory.getWebServer(TomcatServletWebServerFactory.java:210) ~[spring-boot-3.0.4.jar:3.0.4]
	at org.springframework.boot.web.servlet.context.ServletWebServerApplicationContext.createWebServer(ServletWebServerApplicationContext.java:183) ~[spring-boot-3.0.4.jar:3.0.4]
	at org.springframework.boot.web.servlet.context.ServletWebServerApplicationContext.onRefresh(ServletWebServerApplicationContext.java:161) ~[spring-boot-3.0.4.jar:3.0.4]
	at org.springframework.context.support.AbstractApplicationContext.refresh(AbstractApplicationContext.java:578) ~[spring-context-6.0.6.jar:6.0.6]
	at org.springframework.boot.web.servlet.context.ServletWebServerApplicationContext.refresh(ServletWebServerApplicationContext.java:146) ~[spring-boot-3.0.4.jar:3.0.4]
	at org.springframework.boot.SpringApplication.refresh(SpringApplication.java:732) ~[spring-boot-3.0.4.jar:3.0.4]
	at org.springframework.boot.SpringApplication.refreshContext(SpringApplication.java:434) ~[spring-boot-3.0.4.jar:3.0.4]
	at org.springframework.boot.SpringApplication.run(SpringApplication.java:310) ~[spring-boot-3.0.4.jar:3.0.4]
	at org.springframework.boot.SpringApplication.run(SpringApplication.java:1304) ~[spring-boot-3.0.4.jar:3.0.4]
	at org.springframework.boot.SpringApplication.run(SpringApplication.java:1293) ~[spring-boot-3.0.4.jar:3.0.4]
	at com.data.filtro.FiltroApplication.main(FiltroApplication.java:23) ~[classes/:na]
	at java.base/jdk.internal.reflect.NativeMethodAccessorImpl.invoke0(Native Method) ~[na:na]
	at java.base/jdk.internal.reflect.NativeMethodAccessorImpl.invoke(NativeMethodAccessorImpl.java:77) ~[na:na]
	at java.base/jdk.internal.reflect.DelegatingMethodAccessorImpl.invoke(DelegatingMethodAccessorImpl.java:43) ~[na:na]
	at java.base/java.lang.reflect.Method.invoke(Method.java:568) ~[na:na]
	at org.springframework.boot.devtools.restart.RestartLauncher.run(RestartLauncher.java:49) ~[spring-boot-devtools-3.0.4.jar:3.0.4]

2024-09-05T09:50:39.909+07:00 ERROR 16696 --- [http-nio-8080-exec-1] o.a.c.c.C.[.[.[/].[dispatcherServlet]    : Servlet.service() for servlet [dispatcherServlet] in context with path [] threw exception [Can't get accountName from JWT] with root cause

com.data.filtro.config.MyServletException: Can't get accountName from JWT

2024-09-05T09:50:40.166+07:00 ERROR 16696 --- [http-nio-8080-exec-2] o.a.c.c.C.[.[.[/].[dispatcherServlet]    : Servlet.service() for servlet [dispatcherServlet] in context with path [] threw exception [Can't get accountName from JWT] with root cause

com.data.filtro.config.MyServletException: Can't get accountName from JWT

2024-09-05T09:50:40.434+07:00 ERROR 16696 --- [http-nio-8080-exec-3] o.a.c.c.C.[.[.[/].[dispatcherServlet]    : Servlet.service() for servlet [dispatcherServlet] in context with path [] threw exception [Can't get accountName from JWT] with root cause

com.data.filtro.config.MyServletException: Can't get accountName from JWT

2024-09-05T09:50:40.685+07:00 ERROR 16696 --- [http-nio-8080-exec-4] o.a.c.c.C.[.[.[/].[dispatcherServlet]    : Servlet.service() for servlet [dispatcherServlet] in context with path [] threw exception [Can't get accountName from JWT] with root cause

com.data.filtro.config.MyServletException: Can't get accountName from JWT

2024-09-05T09:50:40.941+07:00 ERROR 16696 --- [http-nio-8080-exec-5] o.a.c.c.C.[.[.[/].[dispatcherServlet]    : Servlet.service() for servlet [dispatcherServlet] in context with path [] threw exception [Can't get accountName from JWT] with root cause

com.data.filtro.config.MyServletException: Can't get accountName from JWT

2024-09-05T09:50:41.195+07:00 ERROR 16696 --- [http-nio-8080-exec-6] o.a.c.c.C.[.[.[/].[dispatcherServlet]    : Servlet.service() for servlet [dispatcherServlet] in context with path [] threw exception [Can't get accountName from JWT] with root cause

com.data.filtro.config.MyServletException: Can't get accountName from JWT

2024-09-05T09:50:41.442+07:00 ERROR 16696 --- [http-nio-8080-exec-7] o.a.c.c.C.[.[.[/].[dispatcherServlet]    : Servlet.service() for servlet [dispatcherServlet] in context with path [] threw exception [Can't get accountName from JWT] with root cause

com.data.filtro.config.MyServletException: Can't get accountName from JWT

2024-09-05T09:50:41.676+07:00 ERROR 16696 --- [http-nio-8080-exec-8] o.a.c.c.C.[.[.[/].[dispatcherServlet]    : Servlet.service() for servlet [dispatcherServlet] in context with path [] threw exception [Can't get accountName from JWT] with root cause

com.data.filtro.config.MyServletException: Can't get accountName from JWT

2024-09-05T09:50:41.908+07:00 ERROR 16696 --- [http-nio-8080-exec-9] o.a.c.c.C.[.[.[/].[dispatcherServlet]    : Servlet.service() for servlet [dispatcherServlet] in context with path [] threw exception [Can't get accountName from JWT] with root cause

com.data.filtro.config.MyServletException: Can't get accountName from JWT

2024-09-05T09:50:42.149+07:00 ERROR 16696 --- [http-nio-8080-exec-10] o.a.c.c.C.[.[.[/].[dispatcherServlet]    : Servlet.service() for servlet [dispatcherServlet] in context with path [] threw exception [Can't get accountName from JWT] with root cause

com.data.filtro.config.MyServletException: Can't get accountName from JWT

2024-09-05T09:50:43.455+07:00 ERROR 16696 --- [http-nio-8080-exec-1] o.a.c.c.C.[.[.[/].[dispatcherServlet]    : Servlet.service() for servlet [dispatcherServlet] in context with path [] threw exception [Can't get accountName from JWT] with root cause

com.data.filtro.config.MyServletException: Can't get accountName from JWT

2024-09-05T09:50:43.703+07:00 ERROR 16696 --- [http-nio-8080-exec-2] o.a.c.c.C.[.[.[/].[dispatcherServlet]    : Servlet.service() for servlet [dispatcherServlet] in context with path [] threw exception [Can't get accountName from JWT] with root cause

com.data.filtro.config.MyServletException: Can't get accountName from JWT

2024-09-05T09:50:43.954+07:00 ERROR 16696 --- [http-nio-8080-exec-3] o.a.c.c.C.[.[.[/].[dispatcherServlet]    : Servlet.service() for servlet [dispatcherServlet] in context with path [] threw exception [Can't get accountName from JWT] with root cause

com.data.filtro.config.MyServletException: Can't get accountName from JWT

2024-09-05T09:50:44.203+07:00 ERROR 16696 --- [http-nio-8080-exec-4] o.a.c.c.C.[.[.[/].[dispatcherServlet]    : Servlet.service() for servlet [dispatcherServlet] in context with path [] threw exception [Can't get accountName from JWT] with root cause

com.data.filtro.config.MyServletException: Can't get accountName from JWT

2024-09-05T09:50:44.430+07:00 ERROR 16696 --- [http-nio-8080-exec-5] o.a.c.c.C.[.[.[/].[dispatcherServlet]    : Servlet.service() for servlet [dispatcherServlet] in context with path [] threw exception [Can't get accountName from JWT] with root cause

com.data.filtro.config.MyServletException: Can't get accountName from JWT

2024-09-05T09:50:44.685+07:00 ERROR 16696 --- [http-nio-8080-exec-6] o.a.c.c.C.[.[.[/].[dispatcherServlet]    : Servlet.service() for servlet [dispatcherServlet] in context with path [] threw exception [Can't get accountName from JWT] with root cause

com.data.filtro.config.MyServletException: Can't get accountName from JWT

2024-09-05T09:50:44.921+07:00 ERROR 16696 --- [http-nio-8080-exec-7] o.a.c.c.C.[.[.[/].[dispatcherServlet]    : Servlet.service() for servlet [dispatcherServlet] in context with path [] threw exception [Can't get accountName from JWT] with root cause

com.data.filtro.config.MyServletException: Can't get accountName from JWT

2024-09-05T09:50:45.170+07:00 ERROR 16696 --- [http-nio-8080-exec-8] o.a.c.c.C.[.[.[/].[dispatcherServlet]    : Servlet.service() for servlet [dispatcherServlet] in context with path [] threw exception [Can't get accountName from JWT] with root cause

com.data.filtro.config.MyServletException: Can't get accountName from JWT

2024-09-05T09:50:45.404+07:00 ERROR 16696 --- [http-nio-8080-exec-9] o.a.c.c.C.[.[.[/].[dispatcherServlet]    : Servlet.service() for servlet [dispatcherServlet] in context with path [] threw exception [Can't get accountName from JWT] with root cause

com.data.filtro.config.MyServletException: Can't get accountName from JWT

2024-09-05T09:50:45.668+07:00 ERROR 16696 --- [http-nio-8080-exec-10] o.a.c.c.C.[.[.[/].[dispatcherServlet]    : Servlet.service() for servlet [dispatcherServlet] in context with path [] threw exception [Can't get accountName from JWT] with root cause

com.data.filtro.config.MyServletException: Can't get accountName from JWT

2024-09-05T09:50:50.939+07:00 ERROR 16696 --- [http-nio-8080-exec-1] o.a.c.c.C.[.[.[/].[dispatcherServlet]    : Servlet.service() for servlet [dispatcherServlet] in context with path [] threw exception [Can't get accountName from JWT] with root cause

com.data.filtro.config.MyServletException: Can't get accountName from JWT

2024-09-05T09:50:51.167+07:00 ERROR 16696 --- [http-nio-8080-exec-2] o.a.c.c.C.[.[.[/].[dispatcherServlet]    : Servlet.service() for servlet [dispatcherServlet] in context with path [] threw exception [Can't get accountName from JWT] with root cause

com.data.filtro.config.MyServletException: Can't get accountName from JWT

2024-09-05T09:50:51.396+07:00 ERROR 16696 --- [http-nio-8080-exec-3] o.a.c.c.C.[.[.[/].[dispatcherServlet]    : Servlet.service() for servlet [dispatcherServlet] in context with path [] threw exception [Can't get accountName from JWT] with root cause

com.data.filtro.config.MyServletException: Can't get accountName from JWT

2024-09-05T09:50:51.645+07:00 ERROR 16696 --- [http-nio-8080-exec-4] o.a.c.c.C.[.[.[/].[dispatcherServlet]    : Servlet.service() for servlet [dispatcherServlet] in context with path [] threw exception [Can't get accountName from JWT] with root cause

com.data.filtro.config.MyServletException: Can't get accountName from JWT

2024-09-05T09:50:51.887+07:00 ERROR 16696 --- [http-nio-8080-exec-5] o.a.c.c.C.[.[.[/].[dispatcherServlet]    : Servlet.service() for servlet [dispatcherServlet] in context with path [] threw exception [Can't get accountName from JWT] with root cause

com.data.filtro.config.MyServletException: Can't get accountName from JWT

2024-09-05T09:50:52.136+07:00 ERROR 16696 --- [http-nio-8080-exec-6] o.a.c.c.C.[.[.[/].[dispatcherServlet]    : Servlet.service() for servlet [dispatcherServlet] in context with path [] threw exception [Can't get accountName from JWT] with root cause

com.data.filtro.config.MyServletException: Can't get accountName from JWT

2024-09-05T09:50:52.401+07:00 ERROR 16696 --- [http-nio-8080-exec-7] o.a.c.c.C.[.[.[/].[dispatcherServlet]    : Servlet.service() for servlet [dispatcherServlet] in context with path [] threw exception [Can't get accountName from JWT] with root cause

com.data.filtro.config.MyServletException: Can't get accountName from JWT

2024-09-05T09:50:52.656+07:00 ERROR 16696 --- [http-nio-8080-exec-8] o.a.c.c.C.[.[.[/].[dispatcherServlet]    : Servlet.service() for servlet [dispatcherServlet] in context with path [] threw exception [Can't get accountName from JWT] with root cause

com.data.filtro.config.MyServletException: Can't get accountName from JWT

2024-09-05T09:50:52.884+07:00 ERROR 16696 --- [http-nio-8080-exec-9] o.a.c.c.C.[.[.[/].[dispatcherServlet]    : Servlet.service() for servlet [dispatcherServlet] in context with path [] threw exception [Can't get accountName from JWT] with root cause

com.data.filtro.config.MyServletException: Can't get accountName from JWT

2024-09-05T09:50:53.108+07:00 ERROR 16696 --- [http-nio-8080-exec-10] o.a.c.c.C.[.[.[/].[dispatcherServlet]    : Servlet.service() for servlet [dispatcherServlet] in context with path [] threw exception [Can't get accountName from JWT] with root cause

com.data.filtro.config.MyServletException: Can't get accountName from JWT

2024-09-05T09:58:52.669+07:00 ERROR 23124 --- [http-nio-8080-exec-1] o.a.c.c.C.[.[.[/].[dispatcherServlet]    : Servlet.service() for servlet [dispatcherServlet] in context with path [] threw exception [Can't get accountName from JWT or Token is not valid] with root cause

com.data.filtro.config.MyServletException: Can't get accountName from JWT or Token is not valid

2024-09-05T09:58:52.934+07:00 ERROR 23124 --- [http-nio-8080-exec-4] o.a.c.c.C.[.[.[/].[dispatcherServlet]    : Servlet.service() for servlet [dispatcherServlet] in context with path [] threw exception [Can't get accountName from JWT or Token is not valid] with root cause

com.data.filtro.config.MyServletException: Can't get accountName from JWT or Token is not valid

2024-09-05T09:58:53.178+07:00 ERROR 23124 --- [http-nio-8080-exec-3] o.a.c.c.C.[.[.[/].[dispatcherServlet]    : Servlet.service() for servlet [dispatcherServlet] in context with path [] threw exception [Can't get accountName from JWT or Token is not valid] with root cause

com.data.filtro.config.MyServletException: Can't get accountName from JWT or Token is not valid

2024-09-05T09:58:53.452+07:00 ERROR 23124 --- [http-nio-8080-exec-2] o.a.c.c.C.[.[.[/].[dispatcherServlet]    : Servlet.service() for servlet [dispatcherServlet] in context with path [] threw exception [Can't get accountName from JWT or Token is not valid] with root cause

com.data.filtro.config.MyServletException: Can't get accountName from JWT or Token is not valid

2024-09-05T09:58:53.710+07:00 ERROR 23124 --- [http-nio-8080-exec-5] o.a.c.c.C.[.[.[/].[dispatcherServlet]    : Servlet.service() for servlet [dispatcherServlet] in context with path [] threw exception [Can't get accountName from JWT or Token is not valid] with root cause

com.data.filtro.config.MyServletException: Can't get accountName from JWT or Token is not valid

2024-09-05T09:58:53.975+07:00 ERROR 23124 --- [http-nio-8080-exec-6] o.a.c.c.C.[.[.[/].[dispatcherServlet]    : Servlet.service() for servlet [dispatcherServlet] in context with path [] threw exception [Can't get accountName from JWT or Token is not valid] with root cause

com.data.filtro.config.MyServletException: Can't get accountName from JWT or Token is not valid

2024-09-05T09:58:54.196+07:00 ERROR 23124 --- [http-nio-8080-exec-7] o.a.c.c.C.[.[.[/].[dispatcherServlet]    : Servlet.service() for servlet [dispatcherServlet] in context with path [] threw exception [Can't get accountName from JWT or Token is not valid] with root cause

com.data.filtro.config.MyServletException: Can't get accountName from JWT or Token is not valid

2024-09-05T09:58:54.427+07:00 ERROR 23124 --- [http-nio-8080-exec-8] o.a.c.c.C.[.[.[/].[dispatcherServlet]    : Servlet.service() for servlet [dispatcherServlet] in context with path [] threw exception [Can't get accountName from JWT or Token is not valid] with root cause

com.data.filtro.config.MyServletException: Can't get accountName from JWT or Token is not valid

2024-09-05T09:58:54.676+07:00 ERROR 23124 --- [http-nio-8080-exec-9] o.a.c.c.C.[.[.[/].[dispatcherServlet]    : Servlet.service() for servlet [dispatcherServlet] in context with path [] threw exception [Can't get accountName from JWT or Token is not valid] with root cause

com.data.filtro.config.MyServletException: Can't get accountName from JWT or Token is not valid

2024-09-05T09:58:54.914+07:00 ERROR 23124 --- [http-nio-8080-exec-10] o.a.c.c.C.[.[.[/].[dispatcherServlet]    : Servlet.service() for servlet [dispatcherServlet] in context with path [] threw exception [Can't get accountName from JWT or Token is not valid] with root cause

com.data.filtro.config.MyServletException: Can't get accountName from JWT or Token is not valid

2024-09-05T09:58:56.178+07:00 ERROR 23124 --- [http-nio-8080-exec-1] o.a.c.c.C.[.[.[/].[dispatcherServlet]    : Servlet.service() for servlet [dispatcherServlet] in context with path [] threw exception [Can't get accountName from JWT or Token is not valid] with root cause

com.data.filtro.config.MyServletException: Can't get accountName from JWT or Token is not valid

2024-09-05T09:58:56.410+07:00 ERROR 23124 --- [http-nio-8080-exec-4] o.a.c.c.C.[.[.[/].[dispatcherServlet]    : Servlet.service() for servlet [dispatcherServlet] in context with path [] threw exception [Can't get accountName from JWT or Token is not valid] with root cause

com.data.filtro.config.MyServletException: Can't get accountName from JWT or Token is not valid

2024-09-05T09:58:56.631+07:00 ERROR 23124 --- [http-nio-8080-exec-3] o.a.c.c.C.[.[.[/].[dispatcherServlet]    : Servlet.service() for servlet [dispatcherServlet] in context with path [] threw exception [Can't get accountName from JWT or Token is not valid] with root cause

com.data.filtro.config.MyServletException: Can't get accountName from JWT or Token is not valid

2024-09-05T09:58:56.859+07:00 ERROR 23124 --- [http-nio-8080-exec-2] o.a.c.c.C.[.[.[/].[dispatcherServlet]    : Servlet.service() for servlet [dispatcherServlet] in context with path [] threw exception [Can't get accountName from JWT or Token is not valid] with root cause

com.data.filtro.config.MyServletException: Can't get accountName from JWT or Token is not valid

2024-09-05T09:58:57.095+07:00 ERROR 23124 --- [http-nio-8080-exec-5] o.a.c.c.C.[.[.[/].[dispatcherServlet]    : Servlet.service() for servlet [dispatcherServlet] in context with path [] threw exception [Can't get accountName from JWT or Token is not valid] with root cause

com.data.filtro.config.MyServletException: Can't get accountName from JWT or Token is not valid

2024-09-05T09:58:57.338+07:00 ERROR 23124 --- [http-nio-8080-exec-6] o.a.c.c.C.[.[.[/].[dispatcherServlet]    : Servlet.service() for servlet [dispatcherServlet] in context with path [] threw exception [Can't get accountName from JWT or Token is not valid] with root cause

com.data.filtro.config.MyServletException: Can't get accountName from JWT or Token is not valid

2024-09-05T09:58:57.578+07:00 ERROR 23124 --- [http-nio-8080-exec-7] o.a.c.c.C.[.[.[/].[dispatcherServlet]    : Servlet.service() for servlet [dispatcherServlet] in context with path [] threw exception [Can't get accountName from JWT or Token is not valid] with root cause

com.data.filtro.config.MyServletException: Can't get accountName from JWT or Token is not valid

2024-09-05T09:58:57.813+07:00 ERROR 23124 --- [http-nio-8080-exec-8] o.a.c.c.C.[.[.[/].[dispatcherServlet]    : Servlet.service() for servlet [dispatcherServlet] in context with path [] threw exception [Can't get accountName from JWT or Token is not valid] with root cause

com.data.filtro.config.MyServletException: Can't get accountName from JWT or Token is not valid

2024-09-05T09:58:58.046+07:00 ERROR 23124 --- [http-nio-8080-exec-9] o.a.c.c.C.[.[.[/].[dispatcherServlet]    : Servlet.service() for servlet [dispatcherServlet] in context with path [] threw exception [Can't get accountName from JWT or Token is not valid] with root cause

com.data.filtro.config.MyServletException: Can't get accountName from JWT or Token is not valid

2024-09-05T09:58:58.270+07:00 ERROR 23124 --- [http-nio-8080-exec-10] o.a.c.c.C.[.[.[/].[dispatcherServlet]    : Servlet.service() for servlet [dispatcherServlet] in context with path [] threw exception [Can't get accountName from JWT or Token is not valid] with root cause

com.data.filtro.config.MyServletException: Can't get accountName from JWT or Token is not valid

2024-09-05T10:09:30.711+07:00 ERROR 25236 --- [http-nio-8080-exec-2] o.a.c.c.C.[.[.[/].[dispatcherServlet]    : Servlet.service() for servlet [dispatcherServlet] in context with path [] threw exception [Can't get accountName from JWT or Token is not valid] with root cause

com.data.filtro.config.MyServletException: Can't get accountName from JWT or Token is not valid

2024-09-05T10:10:47.494+07:00 ERROR 25236 --- [http-nio-8080-exec-8] o.a.c.c.C.[.[.[/].[dispatcherServlet]    : Servlet.service() for servlet [dispatcherServlet] in context with path [] threw exception [Can't get accountName from JWT or Token is not valid] with root cause

com.data.filtro.config.MyServletException: Can't get accountName from JWT or Token is not valid

2024-09-05T10:10:47.735+07:00 ERROR 25236 --- [http-nio-8080-exec-10] o.a.c.c.C.[.[.[/].[dispatcherServlet]    : Servlet.service() for servlet [dispatcherServlet] in context with path [] threw exception [Can't get accountName from JWT or Token is not valid] with root cause

com.data.filtro.config.MyServletException: Can't get accountName from JWT or Token is not valid

2024-09-05T10:10:48.004+07:00 ERROR 25236 --- [http-nio-8080-exec-3] o.a.c.c.C.[.[.[/].[dispatcherServlet]    : Servlet.service() for servlet [dispatcherServlet] in context with path [] threw exception [Can't get accountName from JWT or Token is not valid] with root cause

com.data.filtro.config.MyServletException: Can't get accountName from JWT or Token is not valid

2024-09-05T10:10:48.227+07:00 ERROR 25236 --- [http-nio-8080-exec-9] o.a.c.c.C.[.[.[/].[dispatcherServlet]    : Servlet.service() for servlet [dispatcherServlet] in context with path [] threw exception [Can't get accountName from JWT or Token is not valid] with root cause

com.data.filtro.config.MyServletException: Can't get accountName from JWT or Token is not valid

2024-09-05T10:10:48.452+07:00 ERROR 25236 --- [http-nio-8080-exec-2] o.a.c.c.C.[.[.[/].[dispatcherServlet]    : Servlet.service() for servlet [dispatcherServlet] in context with path [] threw exception [Can't get accountName from JWT or Token is not valid] with root cause

com.data.filtro.config.MyServletException: Can't get accountName from JWT or Token is not valid

2024-09-05T10:10:48.670+07:00 ERROR 25236 --- [http-nio-8080-exec-5] o.a.c.c.C.[.[.[/].[dispatcherServlet]    : Servlet.service() for servlet [dispatcherServlet] in context with path [] threw exception [Can't get accountName from JWT or Token is not valid] with root cause

com.data.filtro.config.MyServletException: Can't get accountName from JWT or Token is not valid

2024-09-05T10:10:48.886+07:00 ERROR 25236 --- [http-nio-8080-exec-4] o.a.c.c.C.[.[.[/].[dispatcherServlet]    : Servlet.service() for servlet [dispatcherServlet] in context with path [] threw exception [Can't get accountName from JWT or Token is not valid] with root cause

com.data.filtro.config.MyServletException: Can't get accountName from JWT or Token is not valid

2024-09-05T10:10:49.111+07:00 ERROR 25236 --- [http-nio-8080-exec-1] o.a.c.c.C.[.[.[/].[dispatcherServlet]    : Servlet.service() for servlet [dispatcherServlet] in context with path [] threw exception [Can't get accountName from JWT or Token is not valid] with root cause

com.data.filtro.config.MyServletException: Can't get accountName from JWT or Token is not valid

2024-09-05T10:10:49.323+07:00 ERROR 25236 --- [http-nio-8080-exec-7] o.a.c.c.C.[.[.[/].[dispatcherServlet]    : Servlet.service() for servlet [dispatcherServlet] in context with path [] threw exception [Can't get accountName from JWT or Token is not valid] with root cause

com.data.filtro.config.MyServletException: Can't get accountName from JWT or Token is not valid

2024-09-05T10:10:49.551+07:00 ERROR 25236 --- [http-nio-8080-exec-6] o.a.c.c.C.[.[.[/].[dispatcherServlet]    : Servlet.service() for servlet [dispatcherServlet] in context with path [] threw exception [Can't get accountName from JWT or Token is not valid] with root cause

com.data.filtro.config.MyServletException: Can't get accountName from JWT or Token is not valid

2024-09-05T10:10:50.830+07:00 ERROR 25236 --- [http-nio-8080-exec-8] o.a.c.c.C.[.[.[/].[dispatcherServlet]    : Servlet.service() for servlet [dispatcherServlet] in context with path [] threw exception [Can't get accountName from JWT or Token is not valid] with root cause

com.data.filtro.config.MyServletException: Can't get accountName from JWT or Token is not valid

2024-09-05T10:10:51.057+07:00 ERROR 25236 --- [http-nio-8080-exec-10] o.a.c.c.C.[.[.[/].[dispatcherServlet]    : Servlet.service() for servlet [dispatcherServlet] in context with path [] threw exception [Can't get accountName from JWT or Token is not valid] with root cause

com.data.filtro.config.MyServletException: Can't get accountName from JWT or Token is not valid

2024-09-05T10:10:51.274+07:00 ERROR 25236 --- [http-nio-8080-exec-3] o.a.c.c.C.[.[.[/].[dispatcherServlet]    : Servlet.service() for servlet [dispatcherServlet] in context with path [] threw exception [Can't get accountName from JWT or Token is not valid] with root cause

com.data.filtro.config.MyServletException: Can't get accountName from JWT or Token is not valid

2024-09-05T10:10:51.507+07:00 ERROR 25236 --- [http-nio-8080-exec-9] o.a.c.c.C.[.[.[/].[dispatcherServlet]    : Servlet.service() for servlet [dispatcherServlet] in context with path [] threw exception [Can't get accountName from JWT or Token is not valid] with root cause

com.data.filtro.config.MyServletException: Can't get accountName from JWT or Token is not valid

2024-09-05T10:10:51.723+07:00 ERROR 25236 --- [http-nio-8080-exec-2] o.a.c.c.C.[.[.[/].[dispatcherServlet]    : Servlet.service() for servlet [dispatcherServlet] in context with path [] threw exception [Can't get accountName from JWT or Token is not valid] with root cause

com.data.filtro.config.MyServletException: Can't get accountName from JWT or Token is not valid

2024-09-05T10:10:51.940+07:00 ERROR 25236 --- [http-nio-8080-exec-5] o.a.c.c.C.[.[.[/].[dispatcherServlet]    : Servlet.service() for servlet [dispatcherServlet] in context with path [] threw exception [Can't get accountName from JWT or Token is not valid] with root cause

com.data.filtro.config.MyServletException: Can't get accountName from JWT or Token is not valid

2024-09-05T10:10:52.176+07:00 ERROR 25236 --- [http-nio-8080-exec-4] o.a.c.c.C.[.[.[/].[dispatcherServlet]    : Servlet.service() for servlet [dispatcherServlet] in context with path [] threw exception [Can't get accountName from JWT or Token is not valid] with root cause

com.data.filtro.config.MyServletException: Can't get accountName from JWT or Token is not valid

2024-09-05T10:10:52.396+07:00 ERROR 25236 --- [http-nio-8080-exec-1] o.a.c.c.C.[.[.[/].[dispatcherServlet]    : Servlet.service() for servlet [dispatcherServlet] in context with path [] threw exception [Can't get accountName from JWT or Token is not valid] with root cause

com.data.filtro.config.MyServletException: Can't get accountName from JWT or Token is not valid

2024-09-05T10:13:54.285+07:00 ERROR 22916 --- [http-nio-8080-exec-1] o.a.c.c.C.[.[.[/].[dispatcherServlet]    : Servlet.service() for servlet [dispatcherServlet] in context with path [] threw exception [Can't get accountName from JWT or Token is not valid] with root cause

com.data.filtro.config.MyServletException: Can't get accountName from JWT or Token is not valid

2024-09-05T10:13:55.054+07:00 ERROR 22916 --- [http-nio-8080-exec-7] o.a.c.c.C.[.[.[/].[dispatcherServlet]    : Servlet.service() for servlet [dispatcherServlet] in context with path [] threw exception [Can't get accountName from JWT or Token is not valid] with root cause

com.data.filtro.config.MyServletException: Can't get accountName from JWT or Token is not valid

2024-09-05T10:13:55.381+07:00 ERROR 22916 --- [http-nio-8080-exec-8] o.a.c.c.C.[.[.[/].[dispatcherServlet]    : Servlet.service() for servlet [dispatcherServlet] in context with path [] threw exception [Can't get accountName from JWT or Token is not valid] with root cause

com.data.filtro.config.MyServletException: Can't get accountName from JWT or Token is not valid

2024-09-05T10:21:13.632+07:00 ERROR 29264 --- [http-nio-8080-exec-1] o.a.c.c.C.[.[.[/].[dispatcherServlet]    : Servlet.service() for servlet [dispatcherServlet] in context with path [] threw exception [Can't get accountName from JWT or Token is not valid] with root cause

com.data.filtro.config.MyServletException: Can't get accountName from JWT or Token is not valid

2024-09-05T10:21:47.073+07:00 ERROR 29264 --- [http-nio-8080-exec-5] o.a.c.c.C.[.[.[/].[dispatcherServlet]    : Servlet.service() for servlet [dispatcherServlet] in context with path [] threw exception [Can't get accountName from JWT or Token is not valid] with root cause

com.data.filtro.config.MyServletException: Can't get accountName from JWT or Token is not valid

2024-09-05T10:24:14.490+07:00 ERROR 13196 --- [http-nio-8080-exec-2] o.a.c.c.C.[.[.[/].[dispatcherServlet]    : Servlet.service() for servlet [dispatcherServlet] in context with path [] threw exception [Can't get accountName from JWT or Token is not valid] with root cause

com.data.filtro.config.MyServletException: Can't get accountName from JWT or Token is not valid

2024-09-05T10:25:00.453+07:00 ERROR 22628 --- [http-nio-8080-exec-1] o.a.c.c.C.[.[.[/].[dispatcherServlet]    : Servlet.service() for servlet [dispatcherServlet] in context with path [] threw exception [Can't get accountName from JWT or Token is not valid] with root cause

com.data.filtro.config.MyServletException: Can't get accountName from JWT or Token is not valid

